{
  "CharacterName": "Unrivaled Sausage",
  "LocalContentID": 18014598546401879,
  "World": "Zodiark",
  "Messages": {
    "DutyRoulette": [
      {
        "ModuleType": 2,
        "Time": "2022-06-05T20:58:48.5747722Z",
        "Message": "Normal Raids Completed"
      },
      {
        "ModuleType": 2,
        "Time": "2022-06-05T20:58:48.5751529Z",
        "Message": "All Tasks Completed"
      },
      {
        "ModuleType": 2,
        "Time": "2022-06-05T23:28:03.330093Z",
        "Message": "Expert Completed"
      },
      {
        "ModuleType": 2,
        "Time": "2022-06-05T23:28:03.3306808Z",
        "Message": "All Tasks Completed"
      },
      {
        "ModuleType": 2,
        "Time": "2022-06-06T15:00:00.1025467Z",
        "Message": "Expert Completed"
      },
      {
        "ModuleType": 2,
        "Time": "2022-06-06T15:00:00.1033793Z",
        "Message": "All Tasks Completed"
      },
      {
        "ModuleType": 2,
        "Time": "2022-06-06T15:00:00.1138791Z",
        "Message": "Level 50/60/70/80 Dungeons Completed"
      },
      {
        "ModuleType": 2,
        "Time": "2022-06-06T15:00:00.1140883Z",
        "Message": "All Tasks Completed"
      },
      {
        "ModuleType": 2,
        "Time": "2022-06-06T15:00:00.1144854Z",
        "Message": "Leveling Completed"
      },
      {
        "ModuleType": 2,
        "Time": "2022-06-06T15:00:00.1146805Z",
        "Message": "All Tasks Completed"
      },
      {
        "ModuleType": 2,
        "Time": "2022-06-06T15:00:00.1150773Z",
        "Message": "Trials Completed"
      },
      {
        "ModuleType": 2,
        "Time": "2022-06-06T15:00:00.1152766Z",
        "Message": "All Tasks Completed"
      },
      {
        "ModuleType": 2,
        "Time": "2022-06-06T15:00:00.1156786Z",
        "Message": "Main Scenario Completed"
      },
      {
        "ModuleType": 2,
        "Time": "2022-06-06T15:00:00.1159398Z",
        "Message": "All Tasks Completed"
      },
      {
        "ModuleType": 2,
        "Time": "2022-06-06T15:00:00.1164435Z",
        "Message": "Alliance Raids Completed"
      },
      {
        "ModuleType": 2,
        "Time": "2022-06-06T15:00:00.1166526Z",
        "Message": "All Tasks Completed"
      },
      {
        "ModuleType": 2,
        "Time": "2022-06-06T15:00:00.117247Z",
        "Message": "Normal Raids Completed"
      },
      {
        "ModuleType": 2,
        "Time": "2022-06-06T15:00:00.1174555Z",
        "Message": "All Tasks Completed"
      },
      {
        "ModuleType": 2,
        "Time": "2022-06-06T15:00:00.1178658Z",
        "Message": "Frontline Completed"
      },
      {
        "ModuleType": 2,
        "Time": "2022-06-06T15:00:00.118075Z",
        "Message": "All Tasks Completed"
      },
      {
        "ModuleType": 2,
        "Time": "2022-06-06T15:00:00.886374Z",
        "Message": "Daily Reset - Resetting"
      },
      {
        "ModuleType": 2,
        "Time": "2022-06-06T15:12:07.2150862Z",
        "Message": "Leveling Completed"
      },
      {
        "ModuleType": 2,
        "Time": "2022-06-06T15:12:07.2155381Z",
        "Message": "All Tasks Completed"
      },
      {
        "ModuleType": 2,
        "Time": "2022-06-06T15:29:22.3027071Z",
        "Message": "Frontline Completed"
      },
      {
        "ModuleType": 2,
        "Time": "2022-06-06T15:29:22.3033375Z",
        "Message": "All Tasks Completed"
      },
      {
        "ModuleType": 2,
        "Time": "2022-06-06T15:47:24.0028588Z",
        "Message": "Main Scenario Completed"
      },
      {
        "ModuleType": 2,
        "Time": "2022-06-06T15:47:24.0032536Z",
        "Message": "All Tasks Completed"
      },
      {
        "ModuleType": 2,
        "Time": "2022-06-06T16:07:35.5354368Z",
        "Message": "Alliance Raids Completed"
      },
      {
        "ModuleType": 2,
        "Time": "2022-06-06T16:07:35.5358535Z",
        "Message": "All Tasks Completed"
      },
      {
        "ModuleType": 2,
        "Time": "2022-06-06T16:32:09.6621684Z",
        "Message": "Level 50/60/70/80 Dungeons Completed"
      },
      {
        "ModuleType": 2,
        "Time": "2022-06-06T16:32:09.6625371Z",
        "Message": "All Tasks Completed"
      },
      {
        "ModuleType": 2,
        "Time": "2022-06-06T16:43:06.4556229Z",
        "Message": "Trials Completed"
      },
      {
        "ModuleType": 2,
        "Time": "2022-06-06T16:43:06.4560612Z",
        "Message": "All Tasks Completed"
      },
      {
        "ModuleType": 2,
        "Time": "2022-06-06T16:51:29.6643757Z",
        "Message": "Normal Raids Completed"
      },
      {
        "ModuleType": 2,
        "Time": "2022-06-06T16:51:29.6648132Z",
        "Message": "All Tasks Completed"
      },
      {
        "ModuleType": 2,
        "Time": "2022-06-07T22:31:55.8397798Z",
        "Message": "Daily Reset - Resetting"
      },
      {
        "ModuleType": 2,
        "Time": "2022-06-08T12:36:43.3594268Z",
        "Message": "Leveling Completed"
      },
      {
        "ModuleType": 2,
        "Time": "2022-06-08T12:36:43.3623844Z",
        "Message": "All Tasks Completed"
      },
      {
        "ModuleType": 2,
        "Time": "2022-06-08T13:06:28.1903868Z",
        "Message": "Frontline Completed"
      },
      {
        "ModuleType": 2,
        "Time": "2022-06-08T13:06:28.1908184Z",
        "Message": "All Tasks Completed"
      },
      {
        "ModuleType": 2,
        "Time": "2022-06-08T13:44:38.9553197Z",
        "Message": "Main Scenario Completed"
      },
      {
        "ModuleType": 2,
        "Time": "2022-06-08T13:44:38.9557582Z",
        "Message": "All Tasks Completed"
      },
      {
        "ModuleType": 2,
        "Time": "2022-06-08T14:08:41.0737535Z",
        "Message": "Alliance Raids Completed"
      },
      {
        "ModuleType": 2,
        "Time": "2022-06-08T14:08:41.0741925Z",
        "Message": "All Tasks Completed"
      },
      {
        "ModuleType": 2,
        "Time": "2022-06-08T14:27:21.2793528Z",
        "Message": "Level 50/60/70/80 Dungeons Completed"
      },
      {
        "ModuleType": 2,
        "Time": "2022-06-08T14:27:21.2797658Z",
        "Message": "All Tasks Completed"
      },
      {
        "ModuleType": 2,
        "Time": "2022-06-08T14:33:44.6461645Z",
        "Message": "Trials Completed"
      },
      {
        "ModuleType": 2,
        "Time": "2022-06-08T14:33:44.6466182Z",
        "Message": "All Tasks Completed"
      },
      {
        "ModuleType": 2,
        "Time": "2022-06-08T14:44:24.975737Z",
        "Message": "Normal Raids Completed"
      },
      {
        "ModuleType": 2,
        "Time": "2022-06-08T14:44:24.976148Z",
        "Message": "All Tasks Completed"
      },
      {
        "ModuleType": 2,
        "Time": "2022-06-08T15:00:00.1048644Z",
        "Message": "Level 50/60/70/80 Dungeons Completed"
      },
      {
        "ModuleType": 2,
        "Time": "2022-06-08T15:00:00.1159607Z",
        "Message": "All Tasks Completed"
      },
      {
        "ModuleType": 2,
        "Time": "2022-06-08T15:00:00.1164993Z",
        "Message": "Leveling Completed"
      },
      {
        "ModuleType": 2,
        "Time": "2022-06-08T15:00:00.1169053Z",
        "Message": "All Tasks Completed"
      },
      {
        "ModuleType": 2,
        "Time": "2022-06-08T15:00:00.1173892Z",
        "Message": "Trials Completed"
      },
      {
        "ModuleType": 2,
        "Time": "2022-06-08T15:00:00.117661Z",
        "Message": "All Tasks Completed"
      },
      {
        "ModuleType": 2,
        "Time": "2022-06-08T15:00:00.1182029Z",
        "Message": "Main Scenario Completed"
      },
      {
        "ModuleType": 2,
        "Time": "2022-06-08T15:00:00.1184739Z",
        "Message": "All Tasks Completed"
      },
      {
        "ModuleType": 2,
        "Time": "2022-06-08T15:00:00.1189218Z",
        "Message": "Alliance Raids Completed"
      },
      {
        "ModuleType": 2,
        "Time": "2022-06-08T15:00:00.1191789Z",
        "Message": "All Tasks Completed"
      },
      {
        "ModuleType": 2,
        "Time": "2022-06-08T15:00:00.1196454Z",
        "Message": "Normal Raids Completed"
      },
      {
        "ModuleType": 2,
        "Time": "2022-06-08T15:00:00.1199066Z",
        "Message": "All Tasks Completed"
      },
      {
        "ModuleType": 2,
        "Time": "2022-06-08T15:00:00.1203556Z",
        "Message": "Frontline Completed"
      },
      {
        "ModuleType": 2,
        "Time": "2022-06-08T15:00:00.1206221Z",
        "Message": "All Tasks Completed"
      },
      {
        "ModuleType": 2,
        "Time": "2022-06-08T15:00:00.2576641Z",
        "Message": "Daily Reset - Resetting"
      },
      {
        "ModuleType": 2,
        "Time": "2022-06-08T15:18:39.1696268Z",
        "Message": "Leveling Completed"
      },
      {
        "ModuleType": 2,
        "Time": "2022-06-08T15:18:39.1806759Z",
        "Message": "All Tasks Completed"
      },
      {
        "ModuleType": 2,
        "Time": "2022-06-08T15:38:44.4902378Z",
        "Message": "Frontline Completed"
      },
      {
        "ModuleType": 2,
        "Time": "2022-06-08T15:38:44.4907249Z",
        "Message": "All Tasks Completed"
      },
      {
        "ModuleType": 2,
        "Time": "2022-06-08T16:01:23.7652867Z",
        "Message": "Main Scenario Completed"
      },
      {
        "ModuleType": 2,
        "Time": "2022-06-08T16:01:23.7658148Z",
        "Message": "All Tasks Completed"
      },
      {
        "ModuleType": 2,
        "Time": "2022-06-08T16:09:35.7929719Z",
        "Message": "Trials Completed"
      },
      {
        "ModuleType": 2,
        "Time": "2022-06-08T16:09:35.7934296Z",
        "Message": "All Tasks Completed"
      },
      {
        "ModuleType": 2,
        "Time": "2022-06-09T11:45:29.2054071Z",
        "Message": "Level 50/60/70/80 Dungeons Completed"
      },
      {
        "ModuleType": 2,
        "Time": "2022-06-09T11:45:29.2081693Z",
        "Message": "All Tasks Completed"
      },
      {
        "ModuleType": 2,
        "Time": "2022-06-09T12:07:24.8043021Z",
        "Message": "Alliance Raids Completed"
      },
      {
        "ModuleType": 2,
        "Time": "2022-06-09T12:07:24.8048288Z",
        "Message": "All Tasks Completed"
      },
      {
        "ModuleType": 2,
        "Time": "2022-06-09T12:20:18.7429554Z",
        "Message": "Normal Raids Completed"
      },
      {
        "ModuleType": 2,
        "Time": "2022-06-09T12:20:18.7435258Z",
        "Message": "All Tasks Completed"
      },
      {
        "ModuleType": 2,
        "Time": "2022-06-09T15:00:00.0743646Z",
        "Message": "Level 50/60/70/80 Dungeons Completed"
      },
      {
        "ModuleType": 2,
        "Time": "2022-06-09T15:00:00.0856262Z",
        "Message": "All Tasks Completed"
      },
      {
        "ModuleType": 2,
        "Time": "2022-06-09T15:00:00.0862078Z",
        "Message": "Leveling Completed"
      },
      {
        "ModuleType": 2,
        "Time": "2022-06-09T15:00:00.0865349Z",
        "Message": "All Tasks Completed"
      },
      {
        "ModuleType": 2,
        "Time": "2022-06-09T15:00:00.0870478Z",
        "Message": "Trials Completed"
      },
      {
        "ModuleType": 2,
        "Time": "2022-06-09T15:00:00.0873628Z",
        "Message": "All Tasks Completed"
      },
      {
        "ModuleType": 2,
        "Time": "2022-06-09T15:00:00.0878839Z",
        "Message": "Main Scenario Completed"
      },
      {
        "ModuleType": 2,
        "Time": "2022-06-09T15:00:00.0882067Z",
        "Message": "All Tasks Completed"
      },
      {
        "ModuleType": 2,
        "Time": "2022-06-09T15:00:00.088727Z",
        "Message": "Alliance Raids Completed"
      },
      {
        "ModuleType": 2,
        "Time": "2022-06-09T15:00:00.089044Z",
        "Message": "All Tasks Completed"
      },
      {
        "ModuleType": 2,
        "Time": "2022-06-09T15:00:00.0895733Z",
        "Message": "Normal Raids Completed"
      },
      {
        "ModuleType": 2,
        "Time": "2022-06-09T15:00:00.0898906Z",
        "Message": "All Tasks Completed"
      },
      {
        "ModuleType": 2,
        "Time": "2022-06-09T15:00:00.0904039Z",
        "Message": "Frontline Completed"
      },
      {
        "ModuleType": 2,
        "Time": "2022-06-09T15:00:00.0907293Z",
        "Message": "All Tasks Completed"
      },
      {
        "ModuleType": 2,
        "Time": "2022-06-09T15:00:00.4975401Z",
        "Message": "Daily Reset - Resetting"
      },
      {
        "ModuleType": 2,
        "Time": "2022-06-09T15:20:06.2833782Z",
        "Message": "Frontline Completed"
      },
      {
        "ModuleType": 2,
        "Time": "2022-06-09T15:20:06.2839826Z",
        "Message": "All Tasks Completed"
      },
      {
        "ModuleType": 2,
        "Time": "2022-06-09T15:32:20.7785662Z",
        "Message": "Leveling Completed"
      },
      {
        "ModuleType": 2,
        "Time": "2022-06-09T15:32:20.7790807Z",
        "Message": "All Tasks Completed"
      },
      {
        "ModuleType": 2,
        "Time": "2022-06-09T16:03:04.3342906Z",
        "Message": "Main Scenario Completed"
      },
      {
        "ModuleType": 2,
        "Time": "2022-06-09T16:03:04.3348173Z",
        "Message": "All Tasks Completed"
      }
    ],
    "MiniCactpot": [
      {
        "ModuleType": 11,
        "Time": "2022-06-05T12:07:58.9153215Z",
        "Message": "Daily Reset - Resetting"
      },
      {
        "ModuleType": 11,
        "Time": "2022-06-05T18:01:33.2534981Z",
        "Message": "Daily Reset - Resetting"
      },
      {
        "ModuleType": 11,
        "Time": "2022-06-06T14:18:13.3960442Z",
        "Message": "Mini Cactpot Ticket Purchased"
      },
      {
        "ModuleType": 11,
        "Time": "2022-06-06T14:18:27.2926576Z",
        "Message": "Mini Cactpot Ticket Purchased"
      },
      {
        "ModuleType": 11,
        "Time": "2022-06-06T14:18:38.5353256Z",
        "Message": "Mini Cactpot Ticket Purchased"
      },
      {
        "ModuleType": 11,
        "Time": "2022-06-06T15:00:00.8870837Z",
        "Message": "Daily Reset - Resetting"
      },
      {
        "ModuleType": 11,
        "Time": "2022-06-07T22:31:55.8570007Z",
        "Message": "Daily Reset - Resetting"
      },
      {
        "ModuleType": 11,
        "Time": "2022-06-08T15:00:00.2584155Z",
        "Message": "Daily Reset - Resetting"
      },
      {
        "ModuleType": 11,
        "Time": "2022-06-08T15:22:03.2574048Z",
        "Message": "Mini Cactpot Ticket Purchased"
      },
      {
        "ModuleType": 11,
        "Time": "2022-06-08T15:22:15.1531574Z",
        "Message": "Mini Cactpot Ticket Purchased"
      },
      {
        "ModuleType": 11,
        "Time": "2022-06-08T15:22:25.3287091Z",
        "Message": "Mini Cactpot Ticket Purchased"
      },
      {
        "ModuleType": 11,
        "Time": "2022-06-09T15:00:00.4987341Z",
        "Message": "Daily Reset - Resetting"
      }
    ],
    "DomanEnclave": [
      {
        "ModuleType": 13,
        "Time": "2022-06-05T12:07:58.9159637Z",
        "Message": "Weekly Reset - Resetting"
      },
      {
        "ModuleType": 13,
        "Time": "2022-06-07T22:31:55.8580748Z",
        "Message": "Weekly Reset - Resetting"
      }
    ],
    "FashionReport": [
      {
        "ModuleType": 14,
        "Time": "2022-06-05T12:07:58.916498Z",
        "Message": "Weekly Reset - Resetting"
      },
      {
        "ModuleType": 14,
        "Time": "2022-06-06T14:34:50.7635298Z",
        "Message": "Highest Score Updated 78"
      },
      {
        "ModuleType": 14,
        "Time": "2022-06-06T14:36:41.3300886Z",
        "Message": "Remaining Allowances Updated 3"
      },
      {
        "ModuleType": 14,
        "Time": "2022-06-06T14:40:12.1117703Z",
        "Message": "Highest Score Updated 80"
      },
      {
        "ModuleType": 14,
        "Time": "2022-06-06T14:41:30.1239533Z",
        "Message": "Remaining Allowances Updated 2"
      },
      {
        "ModuleType": 14,
        "Time": "2022-06-07T22:31:55.8587819Z",
        "Message": "Weekly Reset - Resetting"
      }
    ],
    "JumboCactpot": [
      {
        "ModuleType": 15,
        "Time": "2022-06-05T12:07:58.9200736Z",
        "Message": "Weekly Reset - Resetting"
      },
      {
        "ModuleType": 15,
        "Time": "2022-06-06T14:29:43.1380325Z",
        "Message": "ReSyncing Tickets"
      },
      {
        "ModuleType": 15,
        "Time": "2022-06-06T14:29:52.7109652Z",
        "Message": "Ticket Purchased - 6678"
      },
      {
        "ModuleType": 15,
        "Time": "2022-06-06T14:29:57.3369303Z",
        "Message": "Ticket Purchased - 556"
      },
      {
        "ModuleType": 15,
        "Time": "2022-06-06T14:30:03.0724359Z",
        "Message": "Ticket Purchased - 7576"
      }
    ],
    "HuntMarksWeekly": [
      {
        "ModuleType": 16,
        "Time": "2022-06-05T12:07:58.9206757Z",
        "Message": "Weekly Reset - Resetting"
      },
      {
        "ModuleType": 16,
        "Time": "2022-06-07T22:31:55.8595216Z",
        "Message": "Weekly Reset - Resetting"
      }
    ],
    "HuntMarksDaily": [
      {
        "ModuleType": 19,
        "Time": "2022-06-05T12:07:58.9212601Z",
        "Message": "Daily Reset - Resetting"
      },
      {
        "ModuleType": 19,
        "Time": "2022-06-05T18:01:33.2544652Z",
        "Message": "Daily Reset - Resetting"
      },
      {
        "ModuleType": 19,
        "Time": "2022-06-06T15:00:00.8977741Z",
        "Message": "Daily Reset - Resetting"
      },
      {
        "ModuleType": 19,
        "Time": "2022-06-07T22:31:55.8602746Z",
        "Message": "Daily Reset - Resetting"
      },
      {
        "ModuleType": 19,
        "Time": "2022-06-08T15:00:00.2693443Z",
        "Message": "Daily Reset - Resetting"
      },
      {
        "ModuleType": 19,
        "Time": "2022-06-09T15:00:00.509499Z",
        "Message": "Daily Reset - Resetting"
      }
    ],
    "TreasureMap": [
      {
        "ModuleType": 8,
        "Time": "2022-06-08T14:51:39.2679438Z",
        "Message": "ReSyncing Time - LastGathered: 07/06/2022 21:51:00"
      },
      {
        "ModuleType": 8,
        "Time": "2022-06-08T22:12:04.4396179Z",
        "Message": "ReSyncing Time - LastGathered: 08/06/2022 05:12:00"
      },
      {
        "ModuleType": 8,
        "Time": "2022-06-08T22:30:22.4125321Z",
        "Message": "ReSyncing Time - LastGathered: 08/06/2022 05:30:00"
      },
      {
        "ModuleType": 8,
        "Time": "2022-06-08T22:33:57.5102927Z",
        "Message": "ReSyncing Time - LastGathered: 08/06/2022 05:33:00"
      },
      {
        "ModuleType": 8,
        "Time": "2022-06-08T22:34:13.0716942Z",
        "Message": "ReSyncing Time - LastGathered: 08/06/2022 05:34:00"
      }
    ]
  },
  "Version": 1
}